<?xml version="1.0" encoding="UTF-8"?>
<!-- Generated by org.testng.reporters.JUnitReportReporter -->
<testsuite hostname="JAMESBOND007" failures="0" tests="4" name="testNG.GroupingExample" time="0.017" errors="0" timestamp="2023-04-10T10:57:31 IST" skipped="0">
  <testcase classname="testNG.GroupingExample" name="test1" time="0.012"/>
  <system-out/>
  <testcase classname="testNG.GroupingExample" name="test4" time="0.001"/>
  <system-out/>
  <testcase classname="testNG.GroupingExample" name="test5" time="0.003"/>
  <system-out/>
  <testcase classname="testNG.GroupingExample" name="test6" time="0.001"/>
  <system-out/>
</testsuite> <!-- testNG.GroupingExample -->
