<?xml version="1.0" encoding="UTF-8"?>
<!-- Generated by org.testng.reporters.JUnitReportReporter -->
<testsuite hostname="JAMESBOND007" failures="0" tests="2" name="testNG.TestCase2" time="0.008" errors="0" timestamp="2023-04-10T09:55:43 IST" skipped="1">
  <testcase classname="testNG.TestCase2" name="testMethod" time="0.008"/>
  <system-out/>
  <testcase classname="testNG.TestCase2" name="testMethod1">
    <skipped/>
  </testcase> <!-- testMethod1 -->
  <system-out/>
</testsuite> <!-- testNG.TestCase2 -->
