<?xml version="1.0" encoding="UTF-8"?>
<!-- Generated by org.testng.reporters.JUnitReportReporter -->
<testsuite hostname="JAMESBOND007" failures="0" tests="5" name="testNG.TestNGDataProvider" time="0.015" errors="0" timestamp="2023-06-03T22:55:49 IST" skipped="0">
  <testcase classname="testNG.TestNGDataProvider" name="ticketBooking" time="0.008"/>
  <system-out/>
  <testcase classname="testNG.TestNGDataProvider" name="ticketBooking" time="0.001"/>
  <system-out/>
  <testcase classname="testNG.TestNGDataProvider" name="ticketBooking" time="0.003"/>
  <system-out/>
  <testcase classname="testNG.TestNGDataProvider" name="ticketBooking" time="0.001"/>
  <system-out/>
  <testcase classname="testNG.TestNGDataProvider" name="ticketBooking" time="0.002"/>
  <system-out/>
</testsuite> <!-- testNG.TestNGDataProvider -->
