<?xml version="1.0" encoding="UTF-8"?>
<!-- Generated by org.testng.reporters.JUnitReportReporter -->
<testsuite hostname="JAMESBOND007" failures="0" tests="5" name="testNG.TestNGProviderInSingleClass" time="0.014" errors="0" timestamp="2023-06-18T22:53:20 IST" skipped="0">
  <testcase classname="testNG.TestNGProviderInSingleClass" name="ticketBooking" time="0.002"/>
  <system-out/>
  <testcase classname="testNG.TestNGProviderInSingleClass" name="ticketBooking" time="0.001"/>
  <system-out/>
  <testcase classname="testNG.TestNGProviderInSingleClass" name="ticketBooking" time="0.003"/>
  <system-out/>
  <testcase classname="testNG.TestNGProviderInSingleClass" name="ticketBooking" time="0.006"/>
  <system-out/>
  <testcase classname="testNG.TestNGProviderInSingleClass" name="ticketBooking" time="0.002"/>
  <system-out/>
</testsuite> <!-- testNG.TestNGProviderInSingleClass -->
