<?xml version="1.0" encoding="UTF-8"?>
<!-- Generated by org.testng.reporters.JUnitReportReporter -->
<testsuite hostname="JAMESBOND007" failures="0" tests="2" name="testNG.TestCase1" time="0.011" errors="0" timestamp="2023-04-09T18:00:04 IST" skipped="0">
  <testcase classname="testNG.TestCase1" name="testMethod1" time="0.002"/>
  <system-out/>
  <testcase classname="testNG.TestCase1" name="testMethod" time="0.009"/>
  <system-out/>
</testsuite> <!-- testNG.TestCase1 -->
