<?xml version="1.0" encoding="UTF-8"?>
<!-- Generated by org.testng.reporters.JUnitReportReporter -->
<testsuite hostname="JAMESBOND007" failures="0" tests="3" name="testNG.AnotationsEx" time="0.045" errors="0" timestamp="2023-06-23T15:58:26 IST" skipped="0">
  <testcase classname="testNG.AnotationsEx" name="testMethod2" time="0.030"/>
  <system-out/>
  <testcase classname="testNG.AnotationsEx" name="testMethod1" time="0.006"/>
  <system-out/>
  <testcase classname="testNG.AnotationsEx" name="testMethod" time="0.009"/>
  <system-out/>
</testsuite> <!-- testNG.AnotationsEx -->
