<?xml version="1.0" encoding="UTF-8"?>
<!-- Generated by org.testng.reporters.JUnitReportReporter -->
<testsuite hostname="JAMESBOND007" failures="0" tests="5" name="testNG.TestNGDataProvider$DataProviderDemoTest" time="0.016" errors="0" timestamp="2023-05-15T12:46:58 IST" skipped="0">
  <testcase classname="testNG.TestNGDataProvider$DataProviderDemoTest" name="ticketBooking" time="0.011"/>
  <system-out/>
  <testcase classname="testNG.TestNGDataProvider$DataProviderDemoTest" name="ticketBooking" time="0.001"/>
  <system-out/>
  <testcase classname="testNG.TestNGDataProvider$DataProviderDemoTest" name="ticketBooking" time="0.001"/>
  <system-out/>
  <testcase classname="testNG.TestNGDataProvider$DataProviderDemoTest" name="ticketBooking" time="0.002"/>
  <system-out/>
  <testcase classname="testNG.TestNGDataProvider$DataProviderDemoTest" name="ticketBooking" time="0.001"/>
  <system-out/>
</testsuite> <!-- testNG.TestNGDataProvider$DataProviderDemoTest -->
